mysql> select complete_response from txn_risk_check order by id desc limit 10 \G
*************************** 1. row ***************************
complete_response: <?xml version='1.0' encoding='UTF-8'?>
<RMSIDResult>
	<ReferenceNo>888904076</ReferenceNo>
	<TxnLogID>1043-614755</TxnLogID>
	<TemplateID>54</TemplateID>
	<CreatedOn>2020-02-12 09:39:39</CreatedOn>
	<TxnDate>2020-02-12 15:09:39</TxnDate>
	<RiskLevel>Green</RiskLevel>
	<RiskPercentage>0</RiskPercentage>
	<PaymentStatus>Attempt</PaymentStatus>
	<Amount>21300.0</Amount>
	<DeviceID></DeviceID>
	<DeviceProfileStatus></DeviceProfileStatus>
	<Accuracy></Accuracy>
	<DeviceType></DeviceType>
	<Origin></Origin>
	<Output>
		<Ipcity></Ipcity>
		<Ipregion></Ipregion>
		<Ipcountry></Ipcountry>
		<Ipisp></Ipisp>
		<Iporg></Iporg>
		<Iplatitude></Iplatitude>
		<Iplongitude></Iplongitude>
		<Iphost></Iphost>
		<Proxyscore></Proxyscore>
		<Proxyfound></Proxyfound>
		<Proxytype></Proxytype>
		<Spamscore></Spamscore>
		<Binname>BANCO DEL PICHINCHA C.A.</Binname>
		<Bincity></Bincity>
		<Binregion></Binregion>
		<Bincountry>Ecuador</Bincountry>
		<Billdistance></Billdistance>
		<Billpostalcity></Billpostalcity>
		<Billpostalregion></Billpostalregion>
		<Billpostalcountry></Billpostalcountry>
		<Shipbilldistance></Shipbilldistance>
		<Shipdistance></Shipdistance>
		<Shippostalcity></Shippostalcity>
		<Shippostalregion></Shippostalregion>
		<Shippostalcountry></Shippostalcountry>
		<Freeemail>No</Freeemail>
		<Emaildomain>yopmail.com</Emaildomain>
		<Emaildomaincountry></Emaildomaincountry>
		<Phoneserviceprovider></Phoneserviceprovider>
		<Phonetype></Phonetype>
		<Phonecity></Phonecity>
		<Phoneregion></Phoneregion>
		<Phonecountry></Phonecountry>
		<Tsdeltamins></Tsdeltamins>
		<Tzdelta></Tzdelta>
		<Tzcountry></Tzcountry>
		<Ipaddress></Ipaddress>
	</Output>
	<AffectedRules>
	</AffectedRules>
	<ResponseTime>1666</ResponseTime>
</RMSIDResult>
*************************** 2. row ***************************
complete_response: <?xml version='1.0' encoding='UTF-8'?>
<RMSIDResult>
	<ReferenceNo>888904066</ReferenceNo>
	<TxnLogID>1043-614754</TxnLogID>
	<TemplateID>54</TemplateID>
	<CreatedOn>2020-02-12 09:33:37</CreatedOn>
	<TxnDate>2020-02-12 15:03:37</TxnDate>
	<RiskLevel>Green</RiskLevel>
	<RiskPercentage>0</RiskPercentage>
	<PaymentStatus>Attempt</PaymentStatus>
	<Amount>40997.47</Amount>
	<DeviceID></DeviceID>
	<DeviceProfileStatus></DeviceProfileStatus>
	<Accuracy></Accuracy>
	<DeviceType></DeviceType>
	<Origin></Origin>
	<Output>
		<Ipcity></Ipcity>
		<Ipregion></Ipregion>
		<Ipcountry></Ipcountry>
		<Ipisp></Ipisp>
		<Iporg></Iporg>
		<Iplatitude></Iplatitude>
		<Iplongitude></Iplongitude>
		<Iphost></Iphost>
		<Proxyscore></Proxyscore>
		<Proxyfound></Proxyfound>
		<Proxytype></Proxytype>
		<Spamscore></Spamscore>
		<Binname>BANCO DEL PICHINCHA C.A.</Binname>
		<Bincity></Bincity>
		<Binregion></Binregion>
		<Bincountry>Ecuador</Bincountry>
		<Billdistance></Billdistance>
		<Billpostalcity></Billpostalcity>
		<Billpostalregion></Billpostalregion>
		<Billpostalcountry></Billpostalcountry>
		<Shipbilldistance></Shipbilldistance>
		<Shipdistance></Shipdistance>
		<Shippostalcity></Shippostalcity>
		<Shippostalregion></Shippostalregion>
		<Shippostalcountry></Shippostalcountry>
		<Freeemail>Yes</Freeemail>
		<Emaildomain>gmail.com</Emaildomain>
		<Emaildomaincountry></Emaildomaincountry>
		<Phoneserviceprovider></Phoneserviceprovider>
		<Phonetype></Phonetype>
		<Phonecity></Phonecity>
		<Phoneregion></Phoneregion>
		<Phonecountry></Phonecountry>
		<Tsdeltamins></Tsdeltamins>
		<Tzdelta></Tzdelta>
		<Tzcountry></Tzcountry>
		<Ipaddress></Ipaddress>
	</Output>
	<AffectedRules>
	</AffectedRules>
	<ResponseTime>1780</ResponseTime>
</RMSIDResult>
12:49
*************************** 3. row ***************************
complete_response: <?xml version='1.0' encoding='UTF-8'?>
<RMSIDResult>
	<ReferenceNo>888904060</ReferenceNo>
	<TxnLogID>1043-614753</TxnLogID>
	<TemplateID>54</TemplateID>
	<CreatedOn>2020-02-12 09:31:45</CreatedOn>
	<TxnDate>2020-02-12 15:01:45</TxnDate>
	<RiskLevel>Green</RiskLevel>
	<RiskPercentage>0</RiskPercentage>
	<PaymentStatus>Attempt</PaymentStatus>
	<Amount>82000.0</Amount>
	<DeviceID></DeviceID>
	<DeviceProfileStatus></DeviceProfileStatus>
	<Accuracy></Accuracy>
	<DeviceType></DeviceType>
	<Origin></Origin>
	<Output>
		<Ipcity></Ipcity>
		<Ipregion></Ipregion>
		<Ipcountry></Ipcountry>
		<Ipisp></Ipisp>
		<Iporg></Iporg>
		<Iplatitude></Iplatitude>
		<Iplongitude></Iplongitude>
		<Iphost></Iphost>
		<Proxyscore></Proxyscore>
		<Proxyfound></Proxyfound>
		<Proxytype></Proxytype>
		<Spamscore></Spamscore>
		<Binname></Binname>
		<Bincity></Bincity>
		<Binregion></Binregion>
		<Bincountry>United States</Bincountry>
		<Billdistance></Billdistance>
		<Billpostalcity></Billpostalcity>
		<Billpostalregion></Billpostalregion>
		<Billpostalcountry></Billpostalcountry>
		<Shipbilldistance></Shipbilldistance>
		<Shipdistance></Shipdistance>
		<Shippostalcity></Shippostalcity>
		<Shippostalregion></Shippostalregion>
		<Shippostalcountry></Shippostalcountry>
		<Freeemail>No</Freeemail>
		<Emaildomain>yopmail.com</Emaildomain>
		<Emaildomaincountry></Emaildomaincountry>
		<Phoneserviceprovider></Phoneserviceprovider>
		<Phonetype></Phonetype>
		<Phonecity></Phonecity>
		<Phoneregion></Phoneregion>
		<Phonecountry></Phonecountry>
		<Tsdeltamins></Tsdeltamins>
		<Tzdelta></Tzdelta>
		<Tzcountry></Tzcountry>
		<Ipaddress></Ipaddress>
	</Output>
	<AffectedRules>
	</AffectedRules>
	<ResponseTime>2814</ResponseTime>
</RMSIDResult>
*************************** 4. row ***************************
complete_response: <?xml version='1.0' encoding='UTF-8'?>
<RMSIDResult>
	<ReferenceNo>888904057</ReferenceNo>
	<TxnLogID>1043-614752</TxnLogID>
	<TemplateID>54</TemplateID>
	<CreatedOn>2020-02-12 09:29:58</CreatedOn>
	<TxnDate>2020-02-12 14:59:57</TxnDate>
	<RiskLevel>Green</RiskLevel>
	<RiskPercentage>0</RiskPercentage>
	<PaymentStatus>Attempt</PaymentStatus>
	<Amount>41000.0</Amount>
	<DeviceID></DeviceID>
	<DeviceProfileStatus></DeviceProfileStatus>
	<Accuracy></Accuracy>
	<DeviceType></DeviceType>
	<Origin></Origin>
	<Output>
		<Ipcity></Ipcity>
		<Ipregion></Ipregion>
		<Ipcountry></Ipcountry>
		<Ipisp></Ipisp>
		<Iporg></Iporg>
		<Iplatitude></Iplatitude>
		<Iplongitude></Iplongitude>
		<Iphost></Iphost>
		<Proxyscore></Proxyscore>
		<Proxyfound></Proxyfound>
		<Proxytype></Proxytype>
		<Spamscore></Spamscore>
		<Binname>BANCO DEL PICHINCHA C.A.</Binname>
		<Bincity></Bincity>
		<Binregion></Binregion>
		<Bincountry>Ecuador</Bincountry>
		<Billdistance></Billdistance>
		<Billpostalcity></Billpostalcity>
		<Billpostalregion></Billpostalregion>
		<Billpostalcountry></Billpostalcountry>
		<Shipbilldistance></Shipbilldistance>
		<Shipdistance></Shipdistance>
		<Shippostalcity></Shippostalcity>
		<Shippostalregion></Shippostalregion>
		<Shippostalcountry></Shippostalcountry>
		<Freeemail>Yes</Freeemail>
		<Emaildomain>gmail.com</Emaildomain>
		<Emaildomaincountry></Emaildomaincountry>
		<Phoneserviceprovider></Phoneserviceprovider>
		<Phonetype></Phonetype>
		<Phonecity></Phonecity>
		<Phoneregion></Phoneregion>
		<Phonecountry></Phonecountry>
		<Tsdeltamins></Tsdeltamins>
		<Tzdelta></Tzdelta>
		<Tzcountry></Tzcountry>
		<Ipaddress></Ipaddress>
	</Output>
	<AffectedRules>
	</AffectedRules>
	<ResponseTime>1658</ResponseTime>
</RMSIDResult>
*************************** 5. row ***************************
complete_response: <?xml version='1.0' encoding='UTF-8'?>
<RMSIDResult>
	<ReferenceNo>888904056</ReferenceNo>
	<TxnLogID>1043-614751</TxnLogID>
	<TemplateID>54</TemplateID>
	<CreatedOn>2020-02-12 09:29:38</CreatedOn>
	<TxnDate>2020-02-12 14:59:38</TxnDate>
	<RiskLevel>Green</RiskLevel>
	<RiskPercentage>0</RiskPercentage>
	<PaymentStatus>Attempt</PaymentStatus>
	<Amount>21300.0</Amount>
	<DeviceID></DeviceID>
	<DeviceProfileStatus></DeviceProfileStatus>
	<Accuracy></Accuracy>
	<DeviceType></DeviceType>
	<Origin></Origin>
	<Output>
		<Ipcity></Ipcity>
		<Ipregion></Ipregion>
		<Ipcountry></Ipcountry>
		<Ipisp></Ipisp>
		<Iporg></Iporg>
		<Iplatitude></Iplatitude>
		<Iplongitude></Iplongitude>
		<Iphost></Iphost>
		<Proxyscore></Proxyscore>
		<Proxyfound></Proxyfound>
		<Proxytype></Proxytype>
		<Spamscore></Spamscore>
		<Binname>BANCO DEL PICHINCHA C.A.</Binname>
		<Bincity></Bincity>
		<Binregion></Binregion>
		<Bincountry>Ecuador</Bincountry>
		<Billdistance></Billdistance>
		<Billpostalcity></Billpostalcity>
		<Billpostalregion></Billpostalregion>
		<Billpostalcountry></Billpostalcountry>
		<Shipbilldistance></Shipbilldistance>
		<Shipdistance></Shipdistance>
		<Shippostalcity></Shippostalcity>
		<Shippostalregion></Shippostalregion>
		<Shippostalcountry></Shippostalcountry>
		<Freeemail>No</Freeemail>
		<Emaildomain>yopmail.com</Emaildomain>
		<Emaildomaincountry></Emaildomaincountry>
		<Phoneserviceprovider></Phoneserviceprovider>
		<Phonetype></Phonetype>
		<Phonecity></Phonecity>
		<Phoneregion></Phoneregion>
		<Phonecountry></Phonecountry>
		<Tsdeltamins></Tsdeltamins>
		<Tzdelta></Tzdelta>
		<Tzcountry></Tzcountry>
		<Ipaddress></Ipaddress>
	</Output>
	<AffectedRules>
	</AffectedRules>
	<ResponseTime>1807</ResponseTime>
</RMSIDResult>
12:49
*************************** 6. row ***************************
complete_response: <?xml version='1.0' encoding='UTF-8'?>
<RMSIDResult>
	<ReferenceNo>888904039</ReferenceNo>
	<TxnLogID>1043-614750</TxnLogID>
	<TemplateID>54</TemplateID>
	<CreatedOn>2020-02-12 09:20:32</CreatedOn>
	<TxnDate>2020-02-12 14:50:32</TxnDate>
	<RiskLevel>Green</RiskLevel>
	<RiskPercentage>0</RiskPercentage>
	<PaymentStatus>Attempt</PaymentStatus>
	<Amount>40040.0</Amount>
	<DeviceID></DeviceID>
	<DeviceProfileStatus></DeviceProfileStatus>
	<Accuracy></Accuracy>
	<DeviceType></DeviceType>
	<Origin></Origin>
	<Output>
		<Ipcity></Ipcity>
		<Ipregion></Ipregion>
		<Ipcountry></Ipcountry>
		<Ipisp></Ipisp>
		<Iporg></Iporg>
		<Iplatitude></Iplatitude>
		<Iplongitude></Iplongitude>
		<Iphost></Iphost>
		<Proxyscore></Proxyscore>
		<Proxyfound></Proxyfound>
		<Proxytype></Proxytype>
		<Spamscore></Spamscore>
		<Binname></Binname>
		<Bincity></Bincity>
		<Binregion></Binregion>
		<Bincountry>United States</Bincountry>
		<Billdistance></Billdistance>
		<Billpostalcity></Billpostalcity>
		<Billpostalregion></Billpostalregion>
		<Billpostalcountry></Billpostalcountry>
		<Shipbilldistance></Shipbilldistance>
		<Shipdistance></Shipdistance>
		<Shippostalcity></Shippostalcity>
		<Shippostalregion></Shippostalregion>
		<Shippostalcountry></Shippostalcountry>
		<Freeemail>No</Freeemail>
		<Emaildomain>yopmail.com</Emaildomain>
		<Emaildomaincountry></Emaildomaincountry>
		<Phoneserviceprovider></Phoneserviceprovider>
		<Phonetype></Phonetype>
		<Phonecity></Phonecity>
		<Phoneregion></Phoneregion>
		<Phonecountry></Phonecountry>
		<Tsdeltamins></Tsdeltamins>
		<Tzdelta></Tzdelta>
		<Tzcountry></Tzcountry>
		<Ipaddress></Ipaddress>
	</Output>
	<AffectedRules>
	</AffectedRules>
	<ResponseTime>2591</ResponseTime>
</RMSIDResult>
*************************** 7. row ***************************
complete_response: <?xml version='1.0' encoding='UTF-8'?>
<RMSIDResult>
	<ReferenceNo>888904036</ReferenceNo>
	<TxnLogID>1043-614749</TxnLogID>
	<TemplateID>54</TemplateID>
	<CreatedOn>2020-02-12 09:20:03</CreatedOn>
	<TxnDate>2020-02-12 14:50:02</TxnDate>
	<RiskLevel>Green</RiskLevel>
	<RiskPercentage>0</RiskPercentage>
	<PaymentStatus>Attempt</PaymentStatus>
	<Amount>10000.0</Amount>
	<DeviceID></DeviceID>
	<DeviceProfileStatus></DeviceProfileStatus>
	<Accuracy></Accuracy>
	<DeviceType></DeviceType>
	<Origin></Origin>
	<Output>
		<Ipcity></Ipcity>
		<Ipregion></Ipregion>
		<Ipcountry></Ipcountry>
		<Ipisp></Ipisp>
		<Iporg></Iporg>
		<Iplatitude></Iplatitude>
		<Iplongitude></Iplongitude>
		<Iphost></Iphost>
		<Proxyscore></Proxyscore>
		<Proxyfound></Proxyfound>
		<Proxytype></Proxytype>
		<Spamscore></Spamscore>
		<Binname></Binname>
		<Bincity></Bincity>
		<Binregion></Binregion>
		<Bincountry></Bincountry>
		<Billdistance></Billdistance>
		<Billpostalcity></Billpostalcity>
		<Billpostalregion></Billpostalregion>
		<Billpostalcountry></Billpostalcountry>
		<Shipbilldistance></Shipbilldistance>
		<Shipdistance></Shipdistance>
		<Shippostalcity></Shippostalcity>
		<Shippostalregion></Shippostalregion>
		<Shippostalcountry></Shippostalcountry>
		<Freeemail>No</Freeemail>
		<Emaildomain>yopmail.com</Emaildomain>
		<Emaildomaincountry></Emaildomaincountry>
		<Phoneserviceprovider></Phoneserviceprovider>
		<Phonetype></Phonetype>
		<Phonecity></Phonecity>
		<Phoneregion></Phoneregion>
		<Phonecountry></Phonecountry>
		<Tsdeltamins></Tsdeltamins>
		<Tzdelta></Tzdelta>
		<Tzcountry></Tzcountry>
		<Ipaddress></Ipaddress>
	</Output>
	<AffectedRules>
	</AffectedRules>
	<ResponseTime>1656</ResponseTime>
</RMSIDResult>
*************************** 8. row ***************************
complete_response: <?xml version='1.0' encoding='UTF-8'?>
<RMSIDResult>
	<ReferenceNo>888904030</ReferenceNo>
	<TxnLogID>1043-614748</TxnLogID>
	<TemplateID>54</TemplateID>
	<CreatedOn>2020-02-12 09:16:31</CreatedOn>
	<TxnDate>2020-02-12 14:46:30</TxnDate>
	<RiskLevel>Green</RiskLevel>
	<RiskPercentage>0</RiskPercentage>
	<PaymentStatus>Attempt</PaymentStatus>
	<Amount>10000.0</Amount>
	<DeviceID></DeviceID>
	<DeviceProfileStatus></DeviceProfileStatus>
	<Accuracy></Accuracy>
	<DeviceType></DeviceType>
	<Origin></Origin>
	<Output>
		<Ipcity></Ipcity>
		<Ipregion></Ipregion>
		<Ipcountry></Ipcountry>
		<Ipisp></Ipisp>
		<Iporg></Iporg>
		<Iplatitude></Iplatitude>
		<Iplongitude></Iplongitude>
		<Iphost></Iphost>
		<Proxyscore></Proxyscore>
		<Proxyfound></Proxyfound>
		<Proxytype></Proxytype>
		<Spamscore></Spamscore>
		<Binname></Binname>
		<Bincity></Bincity>
		<Binregion></Binregion>
		<Bincountry></Bincountry>
		<Billdistance></Billdistance>
		<Billpostalcity></Billpostalcity>
		<Billpostalregion></Billpostalregion>
		<Billpostalcountry></Billpostalcountry>
		<Shipbilldistance></Shipbilldistance>
		<Shipdistance></Shipdistance>
		<Shippostalcity></Shippostalcity>
		<Shippostalregion></Shippostalregion>
		<Shippostalcountry></Shippostalcountry>
		<Freeemail>No</Freeemail>
		<Emaildomain>yopmail.com</Emaildomain>
		<Emaildomaincountry></Emaildomaincountry>
		<Phoneserviceprovider></Phoneserviceprovider>
		<Phonetype></Phonetype>
		<Phonecity></Phonecity>
		<Phoneregion></Phoneregion>
		<Phonecountry></Phonecountry>
		<Tsdeltamins></Tsdeltamins>
		<Tzdelta></Tzdelta>
		<Tzcountry></Tzcountry>
		<Ipaddress></Ipaddress>
	</Output>
	<AffectedRules>
	</AffectedRules>
	<ResponseTime>1820</ResponseTime>
</RMSIDResult>
12:49
*************************** 9. row ***************************
complete_response: <?xml version='1.0' encoding='UTF-8'?>
<RMSIDResult>
	<ReferenceNo>888904028</ReferenceNo>
	<TxnLogID>1043-614747</TxnLogID>
	<TemplateID>54</TemplateID>
	<CreatedOn>2020-02-12 09:16:02</CreatedOn>
	<TxnDate>2020-02-12 14:46:02</TxnDate>
	<RiskLevel>Green</RiskLevel>
	<RiskPercentage>0</RiskPercentage>
	<PaymentStatus>Attempt</PaymentStatus>
	<Amount>10000.0</Amount>
	<DeviceID></DeviceID>
	<DeviceProfileStatus></DeviceProfileStatus>
	<Accuracy></Accuracy>
	<DeviceType></DeviceType>
	<Origin></Origin>
	<Output>
		<Ipcity></Ipcity>
		<Ipregion></Ipregion>
		<Ipcountry></Ipcountry>
		<Ipisp></Ipisp>
		<Iporg></Iporg>
		<Iplatitude></Iplatitude>
		<Iplongitude></Iplongitude>
		<Iphost></Iphost>
		<Proxyscore></Proxyscore>
		<Proxyfound></Proxyfound>
		<Proxytype></Proxytype>
		<Spamscore></Spamscore>
		<Binname>BANCO DEL PICHINCHA C.A.</Binname>
		<Bincity></Bincity>
		<Binregion></Binregion>
		<Bincountry>Ecuador</Bincountry>
		<Billdistance></Billdistance>
		<Billpostalcity></Billpostalcity>
		<Billpostalregion></Billpostalregion>
		<Billpostalcountry></Billpostalcountry>
		<Shipbilldistance></Shipbilldistance>
		<Shipdistance></Shipdistance>
		<Shippostalcity></Shippostalcity>
		<Shippostalregion></Shippostalregion>
		<Shippostalcountry></Shippostalcountry>
		<Freeemail>No</Freeemail>
		<Emaildomain>yopmail.com</Emaildomain>
		<Emaildomaincountry></Emaildomaincountry>
		<Phoneserviceprovider></Phoneserviceprovider>
		<Phonetype></Phonetype>
		<Phonecity></Phonecity>
		<Phoneregion></Phoneregion>
		<Phonecountry></Phonecountry>
		<Tsdeltamins></Tsdeltamins>
		<Tzdelta></Tzdelta>
		<Tzcountry></Tzcountry>
		<Ipaddress></Ipaddress>
	</Output>
	<AffectedRules>
	</AffectedRules>
	<ResponseTime>1671</ResponseTime>
</RMSIDResult>
*************************** 10. row ***************************
complete_response: <?xml version='1.0' encoding='UTF-8'?>
<RMSIDResult>
	<ReferenceNo>888904022</ReferenceNo>
	<TxnLogID>1043-614746</TxnLogID>
	<TemplateID>54</TemplateID>
	<CreatedOn>2020-02-12 09:14:52</CreatedOn>
	<TxnDate>2020-02-12 14:44:52</TxnDate>
	<RiskLevel>Green</RiskLevel>
	<RiskPercentage>0</RiskPercentage>
	<PaymentStatus>Attempt</PaymentStatus>
	<Amount>22990.0</Amount>
	<DeviceID></DeviceID>
	<DeviceProfileStatus></DeviceProfileStatus>
	<Accuracy></Accuracy>
	<DeviceType></DeviceType>
	<Origin></Origin>
	<Output>
		<Ipcity></Ipcity>
		<Ipregion></Ipregion>
		<Ipcountry></Ipcountry>
		<Ipisp></Ipisp>
		<Iporg></Iporg>
		<Iplatitude></Iplatitude>
		<Iplongitude></Iplongitude>
		<Iphost></Iphost>
		<Proxyscore></Proxyscore>
		<Proxyfound></Proxyfound>
		<Proxytype></Proxytype>
		<Spamscore></Spamscore>
		<Binname></Binname>
		<Bincity></Bincity>
		<Binregion></Binregion>
		<Bincountry>United States</Bincountry>
		<Billdistance></Billdistance>
		<Billpostalcity></Billpostalcity>
		<Billpostalregion></Billpostalregion>
		<Billpostalcountry></Billpostalcountry>
		<Shipbilldistance></Shipbilldistance>
		<Shipdistance></Shipdistance>
		<Shippostalcity></Shippostalcity>
		<Shippostalregion></Shippostalregion>
		<Shippostalcountry></Shippostalcountry>
		<Freeemail>No</Freeemail>
		<Emaildomain>yopmail.com</Emaildomain>
		<Emaildomaincountry></Emaildomaincountry>
		<Phoneserviceprovider></Phoneserviceprovider>
		<Phonetype></Phonetype>
		<Phonecity></Phonecity>
		<Phoneregion></Phoneregion>
		<Phonecountry></Phonecountry>
		<Tsdeltamins></Tsdeltamins>
		<Tzdelta></Tzdelta>
		<Tzcountry></Tzcountry>
		<Ipaddress></Ipaddress>
	</Output>
	<AffectedRules>
	</AffectedRules>
	<ResponseTime>2616</ResponseTime>
</RMSIDResult>
10 rows in set (0.00 sec)